<?xml version="1.0" encoding="UTF-8"?>
<!-- Generated by org.testng.reporters.JUnitXMLReporter -->
<testsuite ignored="0" hostname="Adiths-MacBook-Pro-2.local" failures="1" tests="2" name="Opencart Tests" time="21.077" errors="0" timestamp="2022-04-05T11:04:12 IST">
  <testcase classname="testCases.AccountRegistrationTest" name="Verify_Registration_Test" time="4.664">
    <failure type="java.lang.AssertionError" message="expected [true] but found [false]">
      <![CDATA[java.lang.AssertionError: expected [true] but found [false]
at testCases.AccountRegistrationTest.Verify_Registration_Test(AccountRegistrationTest.java:61)
at java.base/java.util.ArrayList.forEach(ArrayList.java:1511)
... Removed 31 stack frames]]>
    </failure>
  </testcase> <!-- Verify_Registration_Test -->
  <testcase classname="testCases.LoginTest" name="login_test" time="6.801"/>
</testsuite> <!-- Opencart Tests -->
