<?xml version="1.0" encoding="UTF-8"?>
<!-- Generated by org.testng.reporters.JUnitXMLReporter -->
<testsuite ignored="0" hostname="Adiths-MacBook-Pro-2.local" failures="0" tests="4" name="Default test" time="78.464" errors="0" timestamp="2022-04-04T23:02:38 IST">
  <testcase classname="testCases.LoginDataDrivenTest" name="test_LoginDDT" time="9.721"/>
  <testcase classname="testCases.LoginDataDrivenTest" name="test_LoginDDT" time="21.204"/>
  <testcase classname="testCases.LoginDataDrivenTest" name="test_LoginDDT" time="21.004"/>
  <testcase classname="testCases.LoginDataDrivenTest" name="test_LoginDDT" time="21.107"/>
</testsuite> <!-- Default test -->
