<?xml version="1.0" encoding="UTF-8"?>
<testng-results ignored="0" total="2" passed="2" failed="0" skipped="0">
  <reporter-output>
  </reporter-output>
  <suite started-at="2022-12-11T17:06:23 IST" name="OpenCart Test Suite" finished-at="2022-12-11T17:06:40 IST" duration-ms="16518">
    <groups>
      <group name="Master">
        <method signature="TC_001_AccountRegistrationTest.test_account_Registration()[pri:0, instance:testCases.TC_001_AccountRegistrationTest@449a4f23]" name="test_account_Registration" class="testCases.TC_001_AccountRegistrationTest"/>
        <method signature="TC_002_LoginTest.test_login()[pri:0, instance:testCases.TC_002_LoginTest@2cf3d63b]" name="test_login" class="testCases.TC_002_LoginTest"/>
      </group> <!-- Master -->
      <group name="Sanity">
        <method signature="TC_002_LoginTest.test_login()[pri:0, instance:testCases.TC_002_LoginTest@2cf3d63b]" name="test_login" class="testCases.TC_002_LoginTest"/>
      </group> <!-- Sanity -->
      <group name="Regression">
        <method signature="TC_001_AccountRegistrationTest.test_account_Registration()[pri:0, instance:testCases.TC_001_AccountRegistrationTest@449a4f23]" name="test_account_Registration" class="testCases.TC_001_AccountRegistrationTest"/>
      </group> <!-- Regression -->
    </groups>
    <test started-at="2022-12-11T17:06:23 IST" name="Opencart Tests" finished-at="2022-12-11T17:06:40 IST" duration-ms="16518">
      <class name="testCases.TC_001_AccountRegistrationTest">
        <test-method is-config="true" signature="setUp(java.lang.String)[pri:0, instance:testCases.TC_001_AccountRegistrationTest@449a4f23]" started-at="2022-12-11T17:06:24 IST" name="setUp" finished-at="2022-12-11T17:06:30 IST" duration-ms="6902" status="PASS">
          <params>
            <param index="0">
              <value>
                <![CDATA[chrome]]>
              </value>
            </param>
          </params>
          <reporter-output>
          </reporter-output>
        </test-method> <!-- setUp -->
        <test-method signature="test_account_Registration()[pri:0, instance:testCases.TC_001_AccountRegistrationTest@449a4f23]" started-at="2022-12-11T17:06:30 IST" name="test_account_Registration" finished-at="2022-12-11T17:06:32 IST" duration-ms="1786" status="PASS">
          <reporter-output>
          </reporter-output>
        </test-method> <!-- test_account_Registration -->
        <test-method is-config="true" signature="tearDown()[pri:0, instance:testCases.TC_001_AccountRegistrationTest@449a4f23]" started-at="2022-12-11T17:06:32 IST" name="tearDown" finished-at="2022-12-11T17:06:32 IST" duration-ms="171" status="PASS">
          <reporter-output>
          </reporter-output>
        </test-method> <!-- tearDown -->
      </class> <!-- testCases.TC_001_AccountRegistrationTest -->
      <class name="testCases.TC_002_LoginTest">
        <test-method is-config="true" signature="setUp(java.lang.String)[pri:0, instance:testCases.TC_002_LoginTest@2cf3d63b]" started-at="2022-12-11T17:06:32 IST" name="setUp" finished-at="2022-12-11T17:06:35 IST" duration-ms="2915" status="PASS">
          <params>
            <param index="0">
              <value>
                <![CDATA[chrome]]>
              </value>
            </param>
          </params>
          <reporter-output>
          </reporter-output>
        </test-method> <!-- setUp -->
        <test-method signature="test_login()[pri:0, instance:testCases.TC_002_LoginTest@2cf3d63b]" started-at="2022-12-11T17:06:35 IST" name="test_login" finished-at="2022-12-11T17:06:40 IST" duration-ms="4185" status="PASS">
          <reporter-output>
          </reporter-output>
        </test-method> <!-- test_login -->
        <test-method is-config="true" signature="tearDown()[pri:0, instance:testCases.TC_002_LoginTest@2cf3d63b]" started-at="2022-12-11T17:06:40 IST" name="tearDown" finished-at="2022-12-11T17:06:40 IST" duration-ms="170" status="PASS">
          <reporter-output>
          </reporter-output>
        </test-method> <!-- tearDown -->
      </class> <!-- testCases.TC_002_LoginTest -->
    </test> <!-- Opencart Tests -->
  </suite> <!-- OpenCart Test Suite -->
</testng-results>
