<?xml version="1.0" encoding="UTF-8"?>
<!-- Generated by org.testng.reporters.JUnitXMLReporter -->
<testsuite ignored="0" hostname="adithautomations-MacBook-Pro.local" failures="0" tests="4" name="ChromeTest" time="54.953" errors="0" timestamp="2022-12-11T13:13:38 IST">
  <testcase classname="testCases.TC_003_LoginDDT" name="test_LoginDDT" time="7.364"/>
  <testcase classname="testCases.TC_003_LoginDDT" name="test_LoginDDT" time="13.765"/>
  <testcase classname="testCases.TC_003_LoginDDT" name="test_LoginDDT" time="13.695"/>
  <testcase classname="testCases.TC_003_LoginDDT" name="test_LoginDDT" time="13.661"/>
</testsuite> <!-- ChromeTest -->
